Using pre-set license
Built from '6000.0/staging' branch; Version is '6000.0.32f1 (b2e806cf271c) revision 11724806'; Using compiler version '193933523'; Build Type 'Release'
OS: 'Windows 10  (10.0.19045) 64bit Professional' Language: 'en' Physical Memory: 32456 MB
BatchMode: 1, IsHumanControllingUs: 0, StartBugReporterOnCrash: 0, Is64bit: 1, IsPro: 1

COMMAND LINE ARGUMENTS:
C:\Program Files\Unity\Hub\Editor\6000.0.32f1\Editor\Unity.exe
-adb2
-batchMode
-noUpm
-name
AssetImportWorker1
-projectPath
D:/4_GameDev/Task/Drone/Dots/Dots_Test
-logFile
Logs/AssetImportWorker1.log
-srvPort
59955
-job-worker-count
9
-background-job-worker-count
8
-gc-helper-count
1
Successfully changed project path to: D:/4_GameDev/Task/Drone/Dots/Dots_Test
D:/4_GameDev/Task/Drone/Dots/Dots_Test
[UnityMemory] Configuration Parameters - Can be set up in boot.config
    "memorysetup-bucket-allocator-granularity=16"
    "memorysetup-bucket-allocator-bucket-count=8"
    "memorysetup-bucket-allocator-block-size=33554432"
    "memorysetup-bucket-allocator-block-count=8"
    "memorysetup-main-allocator-block-size=16777216"
    "memorysetup-thread-allocator-block-size=16777216"
    "memorysetup-gfx-main-allocator-block-size=16777216"
    "memorysetup-gfx-thread-allocator-block-size=16777216"
    "memorysetup-cache-allocator-block-size=4194304"
    "memorysetup-typetree-allocator-block-size=2097152"
    "memorysetup-profiler-bucket-allocator-granularity=16"
    "memorysetup-profiler-bucket-allocator-bucket-count=8"
    "memorysetup-profiler-bucket-allocator-block-size=33554432"
    "memorysetup-profiler-bucket-allocator-block-count=8"
    "memorysetup-profiler-allocator-block-size=16777216"
    "memorysetup-profiler-editor-allocator-block-size=1048576"
    "memorysetup-temp-allocator-size-main=16777216"
    "memorysetup-job-temp-allocator-block-size=2097152"
    "memorysetup-job-temp-allocator-block-size-background=1048576"
    "memorysetup-job-temp-allocator-reduction-small-platforms=262144"
    "memorysetup-allocator-temp-initial-block-size-main=262144"
    "memorysetup-allocator-temp-initial-block-size-worker=262144"
    "memorysetup-temp-allocator-size-background-worker=32768"
    "memorysetup-temp-allocator-size-job-worker=262144"
    "memorysetup-temp-allocator-size-preload-manager=33554432"
    "memorysetup-temp-allocator-size-nav-mesh-worker=65536"
    "memorysetup-temp-allocator-size-audio-worker=65536"
    "memorysetup-temp-allocator-size-cloud-worker=32768"
    "memorysetup-temp-allocator-size-gi-baking-worker=262144"
    "memorysetup-temp-allocator-size-gi-baking-worker=262144"
    "memorysetup-temp-allocator-size-gi-baking-worker=262144"
    "memorysetup-temp-allocator-size-gi-baking-worker=262144"
    "memorysetup-temp-allocator-size-gi-baking-worker=262144"
    "memorysetup-temp-allocator-size-gfx=262144"
Player connection [21788]  Target information:

Player connection [21788]  * "[IP] 192.168.130.244 [Port] 0 [Flags] 2 [Guid] 3204226230 [EditorId] 3204226230 [Version] 1048832 [Id] WindowsEditor(7,DESKTOP-6V9S41C) [Debug] 1 [PackageName] WindowsEditor [ProjectName] Editor" 

Player connection [21788] Host joined multi-casting on [225.0.0.222:54997]...
Player connection [21788] Host joined alternative multi-casting on [225.0.0.222:34997]...
JobSystem: Creating JobQueue using job-worker-count value 9
[Physics::Module] Initialized fallback backend.
[Physics::Module] Id: 0xdecafbad
Library Redirect Path: Library/
[Physics::Module] Selected backend.
[Physics::Module] Name: PhysX
[Physics::Module] Id: 0xf2b8ea05
[Physics::Module] SDK Version: 4.1.2
[Physics::Module] Integration Version: 1.0.0
[Physics::Module] Threading Mode: Multi-Threaded
Refreshing native plugins compatible for Editor in 267.40 ms, found 3 plugins.
Preloading 0 native plugins for Editor in 0.00 ms.
Initialize engine version: 6000.0.32f1 (b2e806cf271c)
[Subsystems] Discovering subsystems at path C:/Program Files/Unity/Hub/Editor/6000.0.32f1/Editor/Data/Resources/UnitySubsystems
[Subsystems] Discovering subsystems at path D:/4_GameDev/Task/Drone/Dots/Dots_Test/Assets
GfxDevice: creating device client; kGfxThreadingModeNonThreaded
Direct3D:
    Version:  Direct3D 11.0 [level 11.1]
    Renderer: Intel(R) UHD Graphics 770 (ID=0x4680)
    Vendor:   Intel
    VRAM:     16228 MB
    Driver:   31.0.101.3790
Initialize mono
Mono path[0] = 'C:/Program Files/Unity/Hub/Editor/6000.0.32f1/Editor/Data/Managed'
Mono path[1] = 'C:/Program Files/Unity/Hub/Editor/6000.0.32f1/Editor/Data/MonoBleedingEdge/lib/mono/unityjit-win32'
Mono config path = 'C:/Program Files/Unity/Hub/Editor/6000.0.32f1/Editor/Data/MonoBleedingEdge/etc'
Using monoOptions --debugger-agent=transport=dt_socket,embedding=1,server=y,suspend=n,address=127.0.0.1:56912
Begin MonoManager ReloadAssembly
Registering precompiled unity dll's ...
Register platform support module: C:/Program Files/Unity/Hub/Editor/6000.0.32f1/Editor/Data/PlaybackEngines/WindowsStandaloneSupport/UnityEditor.WindowsStandalone.Extensions.dll
Registered in 0.003605 seconds.
- Loaded All Assemblies, in  7.597 seconds
Native extension for WindowsStandalone target not found
Mono: successfully reloaded assembly
- Finished resetting the current domain, in  0.488 seconds
Domain Reload Profiling: 8048ms
	BeginReloadAssembly (6643ms)
		ExecutionOrderSort (0ms)
		DisableScriptedObjects (0ms)
		BackupInstance (0ms)
		ReleaseScriptingObjects (0ms)
		CreateAndSetChildDomain (1ms)
	RebuildCommonClasses (48ms)
	RebuildNativeTypeToScriptingClass (17ms)
	initialDomainReloadingComplete (72ms)
	LoadAllAssembliesAndSetupDomain (779ms)
		LoadAssemblies (6775ms)
		RebuildTransferFunctionScriptingTraits (0ms)
		AnalyzeDomain (641ms)
			TypeCache.Refresh (639ms)
				TypeCache.ScanAssembly (624ms)
			BuildScriptInfoCaches (0ms)
			ResolveRequiredComponents (1ms)
	FinalizeReload (489ms)
		ReleaseScriptCaches (0ms)
		RebuildScriptCaches (0ms)
		SetupLoadedEditorAssemblies (433ms)
			LogAssemblyErrors (0ms)
			InitializePlatformSupportModulesInManaged (45ms)
			SetLoadedEditorAssemblies (7ms)
			BeforeProcessingInitializeOnLoad (79ms)
			ProcessInitializeOnLoadAttributes (216ms)
			ProcessInitializeOnLoadMethodAttributes (86ms)
			AfterProcessingInitializeOnLoad (0ms)
			EditorAssembliesLoaded (0ms)
		ExecutionOrderSort2 (0ms)
		AwakeInstancesAfterBackupRestoration (0ms)
========================================================================
Worker process is ready to serve import requests
Import Worker Mode flag is 0x00
Begin MonoManager ReloadAssembly
- Loaded All Assemblies, in  7.714 seconds
Refreshing native plugins compatible for Editor in 41.02 ms, found 3 plugins.
Native extension for WindowsStandalone target not found
Mono: successfully reloaded assembly
- Finished resetting the current domain, in  1.981 seconds
Domain Reload Profiling: 9690ms
	BeginReloadAssembly (3547ms)
		ExecutionOrderSort (0ms)
		DisableScriptedObjects (9ms)
		BackupInstance (0ms)
		ReleaseScriptingObjects (0ms)
		CreateAndSetChildDomain (40ms)
	RebuildCommonClasses (48ms)
	RebuildNativeTypeToScriptingClass (16ms)
	initialDomainReloadingComplete (55ms)
	LoadAllAssembliesAndSetupDomain (4042ms)
		LoadAssemblies (7136ms)
		RebuildTransferFunctionScriptingTraits (0ms)
		AnalyzeDomain (358ms)
			TypeCache.Refresh (247ms)
				TypeCache.ScanAssembly (225ms)
			BuildScriptInfoCaches (93ms)
			ResolveRequiredComponents (15ms)
	FinalizeReload (1982ms)
		ReleaseScriptCaches (0ms)
		RebuildScriptCaches (0ms)
		SetupLoadedEditorAssemblies (1126ms)
			LogAssemblyErrors (0ms)
			InitializePlatformSupportModulesInManaged (4ms)
			SetLoadedEditorAssemblies (6ms)
			BeforeProcessingInitializeOnLoad (136ms)
			ProcessInitializeOnLoadAttributes (613ms)
			ProcessInitializeOnLoadMethodAttributes (354ms)
			AfterProcessingInitializeOnLoad (11ms)
			EditorAssembliesLoaded (0ms)
		ExecutionOrderSort2 (0ms)
		AwakeInstancesAfterBackupRestoration (9ms)
Launched and connected shader compiler UnityShaderCompiler.exe after 0.10 seconds

=================================================================
	Native Crash Reporting
=================================================================
Got a UNKNOWN while executing native code. This usually indicates
a fatal error in the mono runtime or one of the native libraries 
used by your application.
=================================================================

=================================================================
	Managed Stacktrace:
=================================================================
=================================================================
Crash!!!
SymInit: Symbol-SearchPath: 'C:/Program Files/Unity/Hub/Editor/6000.0.32f1/Editor/Data/Mono;.;D:\4_GameDev\Task\Drone\Dots\Dots_Test;D:\4_GameDev\Task\Drone\Dots\Dots_Test\Library\BurstCache\JIT;C:\Program Files\Unity\Hub\Editor\6000.0.32f1\Editor;C:\WINDOWS;C:\WINDOWS\system32;', symOptions: 534, UserName: '1'
OS-Version: 10.0.0
C:\Program Files\Unity\Hub\Editor\6000.0.32f1\Editor\Unity.exe:Unity.exe (00007FF74EA30000), size: 299008 (result: 0), SymType: '-deferred-', PDB: '', fileVersion: 6000.0.32.59398
C:\WINDOWS\SYSTEM32\ntdll.dll:ntdll.dll (00007FFE9EAD0000), size: 2064384 (result: 0), SymType: '-deferred-', PDB: '', fileVersion: 10.0.19041.1949
C:\WINDOWS\System32\KERNEL32.DLL:KERNEL32.DLL (00007FFE9CED0000), size: 774144 (result: 0), SymType: '-deferred-', PDB: '', fileVersion: 10.0.19041.1889
C:\WINDOWS\System32\KERNELBASE.dll:KERNELBASE.dll (00007FFE9C3C0000), size: 2940928 (result: 0), SymType: '-deferred-', PDB: '', fileVersion: 10.0.19041.1949
C:\WINDOWS\System32\USER32.dll:USER32.dll (00007FFE9D6E0000), size: 1703936 (result: 0), SymType: '-deferred-', PDB: '', fileVersion: 10.0.19041.1503
C:\WINDOWS\System32\win32u.dll:win32u.dll (00007FFE9C6E0000), size: 139264 (result: 0), SymType: '-deferred-', PDB: '', fileVersion: 10.0.19041.2006
C:\WINDOWS\System32\GDI32.dll:GDI32.dll (00007FFE9CE20000), size: 172032 (result: 0), SymType: '-deferred-', PDB: '', fileVersion: 10.0.19041.1620
C:\WINDOWS\System32\gdi32full.dll:gdi32full.dll (00007FFE9C9B0000), size: 1093632 (result: 0), SymType: '-deferred-', PDB: '', fileVersion: 10.0.19041.2006
C:\WINDOWS\System32\msvcp_win.dll:msvcp_win.dll (00007FFE9C2F0000), size: 643072 (result: 0), SymType: '-deferred-', PDB: '', fileVersion: 10.0.19041.789
C:\WINDOWS\System32\ucrtbase.dll:ucrtbase.dll (00007FFE9C1F0000), size: 1048576 (result: 0), SymType: '-deferred-', PDB: '', fileVersion: 10.0.19041.789
C:\WINDOWS\System32\IMM32.DLL:IMM32.DLL (00007FFE9CC50000), size: 196608 (result: 0), SymType: '-deferred-', PDB: '', fileVersion: 10.0.19041.546
C:\Program Files\Unity\Hub\Editor\6000.0.32f1\Editor\Unity.dll:Unity.dll (00007FFE02F00000), size: 87064576 (result: 0), SymType: '-deferred-', PDB: '', fileVersion: 6000.0.32.59398
C:\WINDOWS\System32\CRYPT32.dll:CRYPT32.dll (00007FFE9C7C0000), size: 1400832 (result: 0), SymType: '-deferred-', PDB: '', fileVersion: 10.0.19041.1889
C:\WINDOWS\System32\ADVAPI32.dll:ADVAPI32.dll (00007FFE9D930000), size: 712704 (result: 0), SymType: '-deferred-', PDB: '', fileVersion: 10.0.19041.1682
C:\WINDOWS\System32\msvcrt.dll:msvcrt.dll (00007FFE9DF10000), size: 647168 (result: 0), SymType: '-deferred-', PDB: '', fileVersion: 7.0.19041.546
C:\WINDOWS\System32\sechost.dll:sechost.dll (00007FFE9E7A0000), size: 638976 (result: 0), SymType: '-deferred-', PDB: '', fileVersion: 10.0.19041.1865
C:\WINDOWS\System32\RPCRT4.dll:RPCRT4.dll (00007FFE9DDE0000), size: 1200128 (result: 0), SymType: '-deferred-', PDB: '', fileVersion: 10.0.19041.1806
C:\WINDOWS\System32\bcrypt.dll:bcrypt.dll (00007FFE9C390000), size: 159744 (result: 0), SymType: '-deferred-', PDB: '', fileVersion: 10.0.19041.1023
C:\Program Files\Unity\Hub\Editor\6000.0.32f1\Editor\libfbxsdk.dll:libfbxsdk.dll (00007FFE093F0000), size: 8019968 (result: 0), SymType: '-deferred-', PDB: '', fileVersion: 2020.3.7.0
C:\WINDOWS\System32\ole32.dll:ole32.dll (00007FFE9DCB0000), size: 1220608 (result: 0), SymType: '-deferred-', PDB: '', fileVersion: 10.0.19041.1202
C:\Program Files\Unity\Hub\Editor\6000.0.32f1\Editor\etccompress.dll:etccompress.dll (00007FFE0A720000), size: 5070848 (result: 0), SymType: '-deferred-', PDB: ''
C:\WINDOWS\System32\combase.dll:combase.dll (00007FFE9DFB0000), size: 3489792 (result: 0), SymType: '-deferred-', PDB: '', fileVersion: 10.0.19041.1949
C:\WINDOWS\System32\SETUPAPI.dll:SETUPAPI.dll (00007FFE9E310000), size: 4648960 (result: 0), SymType: '-deferred-', PDB: '', fileVersion: 10.0.19041.1741
C:\Program Files\Unity\Hub\Editor\6000.0.32f1\Editor\ispc_texcomp.dll:ispc_texcomp.dll (00007FFE107A0000), size: 1826816 (result: 0), SymType: '-deferred-', PDB: ''
C:\Program Files\Unity\Hub\Editor\6000.0.32f1\Editor\compress_bc7e.dll:compress_bc7e.dll (00007FFE0E840000), size: 1433600 (result: 0), SymType: '-deferred-', PDB: ''
C:\WINDOWS\System32\cfgmgr32.dll:cfgmgr32.dll (00007FFE9C690000), size: 319488 (result: 0), SymType: '-deferred-', PDB: '', fileVersion: 10.0.19041.1620
C:\WINDOWS\System32\SHELL32.dll:SHELL32.dll (00007FFE9CF90000), size: 7614464 (result: 0), SymType: '-deferred-', PDB: '', fileVersion: 10.0.19041.1949
C:\Program Files\Unity\Hub\Editor\6000.0.32f1\Editor\FreeImage.dll:FreeImage.dll (0000000180000000), size: 5783552 (result: 0), SymType: '-deferred-', PDB: '', fileVersion: 3.18.0.0
C:\Program Files\Unity\Hub\Editor\6000.0.32f1\Editor\WinPixEventRuntime.dll:WinPixEventRuntime.dll (00007FFE6AE40000), size: 53248 (result: 0), SymType: '-deferred-', PDB: '', fileVersion: 1.0.2201.24001
C:\WINDOWS\System32\WS2_32.dll:WS2_32.dll (00007FFE9EA20000), size: 438272 (result: 0), SymType: '-deferred-', PDB: '', fileVersion: 10.0.19041.546
C:\Program Files\Unity\Hub\Editor\6000.0.32f1\Editor\s3tcompress.dll:s3tcompress.dll (00007FFE5B7E0000), size: 180224 (result: 0), SymType: '-deferred-', PDB: ''
C:\WINDOWS\System32\SHLWAPI.dll:SHLWAPI.dll (00007FFE9E8D0000), size: 348160 (result: 0), SymType: '-deferred-', PDB: '', fileVersion: 10.0.19041.1706
C:\Program Files\Unity\Hub\Editor\6000.0.32f1\Editor\umbraoptimizer64.dll:umbraoptimizer64.dll (00007FFE0B250000), size: 1187840 (result: 0), SymType: '-deferred-', PDB: ''
C:\WINDOWS\SYSTEM32\d3d11.dll:d3d11.dll (00007FFE982F0000), size: 2502656 (result: 0), SymType: '-deferred-', PDB: '', fileVersion: 10.0.19041.1865
C:\WINDOWS\System32\OLEAUT32.dll:OLEAUT32.dll (00007FFE9CCF0000), size: 839680 (result: 0), SymType: '-deferred-', PDB: '', fileVersion: 10.0.19041.985
C:\WINDOWS\SYSTEM32\d3d12.dll:d3d12.dll (00007FFE64740000), size: 131072 (result: 0), SymType: '-deferred-', PDB: '', fileVersion: 10.0.19041.1266
C:\WINDOWS\System32\WINTRUST.dll:WINTRUST.dll (00007FFE9CAC0000), size: 430080 (result: 0), SymType: '-deferred-', PDB: '', fileVersion: 10.0.19041.1949
C:\WINDOWS\SYSTEM32\dxgi.dll:dxgi.dll (00007FFE9A6F0000), size: 995328 (result: 0), SymType: '-deferred-', PDB: '', fileVersion: 10.0.19041.1806
C:\WINDOWS\SYSTEM32\dwmapi.dll:dwmapi.dll (00007FFE99C70000), size: 192512 (result: 0), SymType: '-deferred-', PDB: '', fileVersion: 10.0.19041.746
C:\WINDOWS\SYSTEM32\HID.DLL:HID.DLL (00007FFE9A6B0000), size: 53248 (result: 0), SymType: '-deferred-', PDB: '', fileVersion: 10.0.19041.546
C:\WINDOWS\SYSTEM32\IPHLPAPI.DLL:IPHLPAPI.DLL (00007FFE9B650000), size: 241664 (result: 0), SymType: '-deferred-', PDB: '', fileVersion: 10.0.19041.1865
C:\WINDOWS\SYSTEM32\MSVCP140.dll:MSVCP140.dll (00007FFE86320000), size: 577536 (result: 0), SymType: '-deferred-', PDB: '', fileVersion: 14.42.34433.0
C:\WINDOWS\SYSTEM32\VCRUNTIME140.dll:VCRUNTIME140.dll (00007FFE862D0000), size: 122880 (result: 0), SymType: '-deferred-', PDB: '', fileVersion: 14.42.34433.0
C:\WINDOWS\SYSTEM32\VCRUNTIME140_1.dll:VCRUNTIME140_1.dll (00007FFE862A0000), size: 49152 (result: 0), SymType: '-deferred-', PDB: '', fileVersion: 14.42.34433.0
C:\WINDOWS\SYSTEM32\OPENGL32.dll:OPENGL32.dll (00007FFE0E710000), size: 1208320 (result: 0), SymType: '-deferred-', PDB: '', fileVersion: 10.0.19041.1806
C:\WINDOWS\SYSTEM32\WINHTTP.dll:WINHTTP.dll (00007FFE8D550000), size: 1089536 (result: 0), SymType: '-deferred-', PDB: '', fileVersion: 10.0.19041.1682
C:\WINDOWS\SYSTEM32\WINMM.dll:WINMM.dll (00007FFE93880000), size: 159744 (result: 0), SymType: '-deferred-', PDB: '', fileVersion: 10.0.19041.546
C:\Program Files\Unity\Hub\Editor\6000.0.32f1\Editor\SketchUpAPI.dll:SketchUpAPI.dll (00007FFE01670000), size: 8990720 (result: 0), SymType: '-deferred-', PDB: '', fileVersion: 23.0.0.0
C:\WINDOWS\SYSTEM32\GLU32.dll:GLU32.dll (00007FFE25B90000), size: 180224 (result: 0), SymType: '-deferred-', PDB: '', fileVersion: 10.0.19041.1806
C:\Program Files\Unity\Hub\Editor\6000.0.32f1\Editor\NativeProxyHelper.dll:NativeProxyHelper.dll (00007FFE0B090000), size: 1789952 (result: 0), SymType: '-deferred-', PDB: ''
C:\WINDOWS\SYSTEM32\VERSION.dll:VERSION.dll (00007FFE8B420000), size: 40960 (result: 0), SymType: '-deferred-', PDB: '', fileVersion: 10.0.19041.546
C:\WINDOWS\SYSTEM32\kernel.appcore.dll:kernel.appcore.dll (00007FFE9AF10000), size: 73728 (result: 0), SymType: '-deferred-', PDB: '', fileVersion: 10.0.19041.546
C:\WINDOWS\SYSTEM32\WSOCK32.dll:WSOCK32.dll (00007FFE8B460000), size: 36864 (result: 0), SymType: '-deferred-', PDB: '', fileVersion: 10.0.19041.1
C:\Program Files\Unity\Hub\Editor\6000.0.32f1\Editor\SketchUpCommonPreferences.dll:SketchUpCommonPreferences.dll (00007FFE18DF0000), size: 499712 (result: 0), SymType: '-deferred-', PDB: '', fileVersion: 23.0.0.0
C:\WINDOWS\SYSTEM32\Secur32.dll:Secur32.dll (00007FFE7EE90000), size: 49152 (result: 0), SymType: '-deferred-', PDB: '', fileVersion: 10.0.19041.546
C:\WINDOWS\SYSTEM32\SSPICLI.DLL:SSPICLI.DLL (00007FFE9C0B0000), size: 204800 (result: 0), SymType: '-deferred-', PDB: '', fileVersion: 10.0.19041.1586
C:\Program Files\Unity\Hub\Editor\6000.0.32f1\Editor\OpenRL.dll:OpenRL.dll (00000190EAE00000), size: 12779520 (result: 0), SymType: '-deferred-', PDB: '', fileVersion: 1.5.0.2907
C:\WINDOWS\SYSTEM32\MSVCR100.dll:MSVCR100.dll (0000000066100000), size: 860160 (result: 0), SymType: '-deferred-', PDB: '', fileVersion: 10.0.40219.325
C:\Program Files\Unity\Hub\Editor\6000.0.32f1\Editor\embree.dll:embree.dll (00007FFE01F10000), size: 16711680 (result: 0), SymType: '-deferred-', PDB: '', fileVersion: 2.14.0.0
C:\WINDOWS\SYSTEM32\MSVCP100.dll:MSVCP100.dll (00000000661E0000), size: 622592 (result: 0), SymType: '-deferred-', PDB: '', fileVersion: 10.0.40219.325
C:\Program Files\Unity\Hub\Editor\6000.0.32f1\Editor\tbb.dll:tbb.dll (00007FFE25B40000), size: 303104 (result: 0), SymType: '-deferred-', PDB: '', fileVersion: 2020.3.2022.1111
C:\WINDOWS\SYSTEM32\MSWSOCK.DLL:MSWSOCK.DLL (00007FFE9B9B0000), size: 434176 (result: 0), SymType: '-deferred-', PDB: '', fileVersion: 10.0.19041.546
C:\Program Files\Unity\Hub\Editor\6000.0.32f1\Editor\OpenRL_pthread.dll:OpenRL_pthread.dll (00000190E9450000), size: 61440 (result: 0), SymType: '-deferred-', PDB: '', fileVersion: 2.9.0.0
C:\WINDOWS\SYSTEM32\MSASN1.dll:MSASN1.dll (00007FFE9BDE0000), size: 73728 (result: 0), SymType: '-deferred-', PDB: '', fileVersion: 10.0.19041.546
C:\WINDOWS\System32\bcryptprimitives.dll:bcryptprimitives.dll (00007FFE9C920000), size: 532480 (result: 0), SymType: '-deferred-', PDB: '', fileVersion: 10.0.19041.1415
C:\WINDOWS\system32\uxtheme.dll:uxtheme.dll (00007FFE99B30000), size: 647168 (result: 0), SymType: '-deferred-', PDB: '', fileVersion: 10.0.19041.1620
C:\WINDOWS\SYSTEM32\windows.storage.dll:windows.storage.dll (00007FFE99F10000), size: 7950336 (result: 0), SymType: '-deferred-', PDB: '', fileVersion: 10.0.19041.1949
C:\WINDOWS\SYSTEM32\Wldp.dll:Wldp.dll (00007FFE9BC50000), size: 196608 (result: 0), SymType: '-deferred-', PDB: '', fileVersion: 10.0.19041.1949
C:\WINDOWS\System32\SHCORE.dll:SHCORE.dll (00007FFE9CB30000), size: 708608 (result: 0), SymType: '-deferred-', PDB: '', fileVersion: 10.0.19041.1865
C:\WINDOWS\SYSTEM32\profapi.dll:profapi.dll (00007FFE9C130000), size: 126976 (result: 0), SymType: '-deferred-', PDB: '', fileVersion: 10.0.19041.844
C:\WINDOWS\system32\IconCodecService.dll:IconCodecService.dll (00007FFE751B0000), size: 36864 (result: 0), SymType: '-deferred-', PDB: '', fileVersion: 10.0.19041.1
C:\WINDOWS\SYSTEM32\WindowsCodecs.dll:WindowsCodecs.dll (00007FFE964A0000), size: 1785856 (result: 0), SymType: '-deferred-', PDB: '', fileVersion: 10.0.19041.1706
C:\WINDOWS\System32\clbcatq.dll:clbcatq.dll (00007FFE9D880000), size: 692224 (result: 0), SymType: '-deferred-', PDB: '', fileVersion: 2001.12.10941.16384
C:\WINDOWS\System32\netprofm.dll:netprofm.dll (00007FFE97470000), size: 253952 (result: 0), SymType: '-deferred-', PDB: '', fileVersion: 10.0.19041.906
C:\WINDOWS\System32\npmproxy.dll:npmproxy.dll (00007FFE83AF0000), size: 65536 (result: 0), SymType: '-deferred-', PDB: '', fileVersion: 10.0.19041.906
C:\WINDOWS\System32\NSI.dll:NSI.dll (00007FFE9CBE0000), size: 32768 (result: 0), SymType: '-deferred-', PDB: '', fileVersion: 10.0.19041.610
C:\WINDOWS\SYSTEM32\dhcpcsvc6.DLL:dhcpcsvc6.DLL (00007FFE96E90000), size: 94208 (result: 0), SymType: '-deferred-', PDB: '', fileVersion: 10.0.19041.1949
C:\WINDOWS\SYSTEM32\dhcpcsvc.DLL:dhcpcsvc.DLL (00007FFE96850000), size: 118784 (result: 0), SymType: '-deferred-', PDB: '', fileVersion: 10.0.19041.1949
C:\WINDOWS\SYSTEM32\DNSAPI.dll:DNSAPI.dll (00007FFE9B740000), size: 827392 (result: 0), SymType: '-deferred-', PDB: '', fileVersion: 10.0.19041.1865
C:\WINDOWS\system32\napinsp.dll:napinsp.dll (00007FFE87F70000), size: 94208 (result: 0), SymType: '-deferred-', PDB: '', fileVersion: 10.0.19041.546
C:\WINDOWS\system32\pnrpnsp.dll:pnrpnsp.dll (00007FFE874D0000), size: 110592 (result: 0), SymType: '-deferred-', PDB: '', fileVersion: 10.0.19041.546
C:\WINDOWS\system32\wshbth.dll:wshbth.dll (00007FFE862B0000), size: 86016 (result: 0), SymType: '-deferred-', PDB: '', fileVersion: 10.0.19041.546
C:\WINDOWS\system32\NLAapi.dll:NLAapi.dll (00007FFE97640000), size: 118784 (result: 0), SymType: '-deferred-', PDB: '', fileVersion: 10.0.19041.1151
C:\WINDOWS\System32\winrnr.dll:winrnr.dll (00007FFE86220000), size: 73728 (result: 0), SymType: '-deferred-', PDB: '', fileVersion: 10.0.19041.546
C:\WINDOWS\System32\fwpuclnt.dll:fwpuclnt.dll (00007FFE8DED0000), size: 524288 (result: 0), SymType: '-deferred-', PDB: '', fileVersion: 10.0.19041.2006
C:\Windows\System32\rasadhlp.dll:rasadhlp.dll (00007FFE8D460000), size: 40960 (result: 0), SymType: '-deferred-', PDB: '', fileVersion: 10.0.19041.546
C:\Program Files\Unity\Hub\Editor\6000.0.32f1\Editor\AMDUnityPlugin.DLL:AMDUnityPlugin.DLL (00007FFE00110000), size: 8814592 (result: 0), SymType: '-deferred-', PDB: ''
C:\Program Files\Unity\Hub\Editor\6000.0.32f1\Editor\NVUnityPlugin.DLL:NVUnityPlugin.DLL (00007FFE0AE50000), size: 1609728 (result: 0), SymType: '-deferred-', PDB: ''
C:\Program Files\Unity\Hub\Editor\6000.0.32f1\Editor\Data\Tools\astcenc-avx2.dll:astcenc-avx2.dll (00007FFE1AA10000), size: 364544 (result: 0), SymType: '-deferred-', PDB: ''
C:\WINDOWS\System32\MMDevApi.dll:MMDevApi.dll (00007FFE95920000), size: 544768 (result: 0), SymType: '-deferred-', PDB: '', fileVersion: 10.0.19041.1503
C:\WINDOWS\System32\DEVOBJ.dll:DEVOBJ.dll (00007FFE9BE00000), size: 180224 (result: 0), SymType: '-deferred-', PDB: '', fileVersion: 10.0.19041.1620
C:\WINDOWS\System32\DriverStore\FileRepository\iigd_dch.inf_amd64_97c26de2338c52fb\igd10iumd64.dll:igd10iumd64.dll (00007FFE94AB0000), size: 3710976 (result: 0), SymType: '-deferred-', PDB: '', fileVersion: 31.0.101.3790
C:\WINDOWS\System32\DriverStore\FileRepository\iigd_dch.inf_amd64_97c26de2338c52fb\igd10um64xe.DLL:igd10um64xe.DLL (00007FFE938B0000), size: 18870272 (result: 0), SymType: '-deferred-', PDB: '', fileVersion: 31.0.101.3790
C:\WINDOWS\SYSTEM32\ControlLib.dll:ControlLib.dll (00007FFE93840000), size: 237568 (result: 0), SymType: '-deferred-', PDB: '', fileVersion: 1.0.117.0
C:\WINDOWS\System32\DriverStore\FileRepository\iigd_dch.inf_amd64_97c26de2338c52fb\IntelControlLib.dll:IntelControlLib.dll (00007FFE937C0000), size: 479232 (result: 0), SymType: '-deferred-', PDB: '', fileVersion: 1.0.117.0
C:\WINDOWS\System32\DriverStore\FileRepository\iigd_dch.inf_amd64_97c26de2338c52fb\igdgmm64.dll:igdgmm64.dll (00007FFE933A0000), size: 4272128 (result: 0), SymType: '-deferred-', PDB: '', fileVersion: 31.0.101.3790
C:\WINDOWS\System32\DriverStore\FileRepository\iigd_dch.inf_amd64_97c26de2338c52fb\igc64.dll:igc64.dll (00007FFE8EE50000), size: 72654848 (result: 0), SymType: '-deferred-', PDB: '', fileVersion: 31.0.101.3790
C:\WINDOWS\SYSTEM32\dxcore.dll:dxcore.dll (00007FFE95ED0000), size: 241664 (result: 0), SymType: '-deferred-', PDB: '', fileVersion: 10.0.19041.546
C:\WINDOWS\system32\wbem\wbemprox.dll:wbemprox.dll (00007FFE6DD10000), size: 69632 (result: 0), SymType: '-deferred-', PDB: '', fileVersion: 10.0.19041.1320
C:\WINDOWS\SYSTEM32\wbemcomn.dll:wbemcomn.dll (00007FFE8B380000), size: 589824 (result: 0), SymType: '-deferred-', PDB: '', fileVersion: 10.0.19041.1566
C:\WINDOWS\system32\wbem\wbemsvc.dll:wbemsvc.dll (00007FFE810C0000), size: 81920 (result: 0), SymType: '-deferred-', PDB: '', fileVersion: 10.0.19041.1320
C:\WINDOWS\system32\wbem\fastprox.dll:fastprox.dll (00007FFE81450000), size: 1093632 (result: 0), SymType: '-deferred-', PDB: '', fileVersion: 10.0.19041.546
C:\WINDOWS\SYSTEM32\amsi.dll:amsi.dll (00007FFE805D0000), size: 131072 (result: 0), SymType: '-deferred-', PDB: '', fileVersion: 10.0.19041.1620
C:\WINDOWS\SYSTEM32\USERENV.dll:USERENV.dll (00007FFE9C0F0000), size: 188416 (result: 0), SymType: '-deferred-', PDB: '', fileVersion: 10.0.19041.572
C:\ProgramData\Microsoft\Windows Defender\Platform\4.18.24090.11-0\MpOav.dll:MpOav.dll (00007FFE81210000), size: 536576 (result: 0), SymType: '-deferred-', PDB: '', fileVersion: 4.18.24090.11
C:\WINDOWS\SYSTEM32\opencl.dll:opencl.dll (00007FFE0E690000), size: 512000 (result: 0), SymType: '-deferred-', PDB: '', fileVersion: 2.2.8.0
C:\Program Files\Unity\Hub\Editor\6000.0.32f1\Editor\radeonrays.dll:radeonrays.dll (00007FFE1A960000), size: 344064 (result: 0), SymType: '-deferred-', PDB: ''
C:\Program Files\Unity\Hub\Editor\6000.0.32f1\Editor\Data\MonoBleedingEdge\EmbedRuntime\mono-2.0-bdwgc.dll:mono-2.0-bdwgc.dll (00007FFDFF300000), size: 10756096 (result: 0), SymType: '-deferred-', PDB: ''
C:\WINDOWS\SYSTEM32\dbghelp.dll:dbghelp.dll (00007FFE9AAA0000), size: 1982464 (result: 0), SymType: '-deferred-', PDB: '', fileVersion: 10.0.19041.867

========== OUTPUTTING STACK TRACE ==================

0x00007FFE939E3D81 (igd10um64xe) OpenAdapter10_2
0x00007FFE939E649C (igd10um64xe) OpenAdapter10_2
0x00007FFE939E378F (igd10um64xe) OpenAdapter10_2
0x00007FFE939E2AAD (igd10um64xe) OpenAdapter10_2
0x00007FFE93973641 (igd10um64xe) ctlInit
0x00007FFE9397E1FB (igd10um64xe) ctlInit
SymInit: Symbol-SearchPath: 'C:/Program Files/Unity/Hub/Editor/6000.0.32f1/Editor/Data/Mono;.;D:\4_GameDev\Task\Drone\Dots\Dots_Test;D:\4_GameDev\Task\Drone\Dots\Dots_Test\Library\BurstCache\JIT;C:\Program Files\Unity\Hub\Editor\6000.0.32f1\Editor;C:\WINDOWS;C:\WINDOWS\system32;', symOptions: 534, UserName: '1'
OS-Version: 10.0.0
C:\Program Files\Unity\Hub\Editor\6000.0.32f1\Editor\Unity.exe:Unity.exe (00007FF74EA30000), size: 299008 (result: 0), SymType: 'PDB', PDB: 'C:\Program Files\Unity\Hub\Editor\6000.0.32f1\Editor\Unity_exe_x64.pdb', fileVersion: 6000.0.32.59398
C:\WINDOWS\SYSTEM32\ntdll.dll:ntdll.dll (00007FFE9EAD0000), size: 2064384 (result: 0), SymType: '-exported-', PDB: 'C:\WINDOWS\SYSTEM32\ntdll.dll', fileVersion: 10.0.19041.1949
C:\WINDOWS\System32\KERNEL32.DLL:KERNEL32.DLL (00007FFE9CED0000), size: 774144 (result: 0), SymType: '-exported-', PDB: 'C:\WINDOWS\System32\KERNEL32.DLL', fileVersion: 10.0.19041.1889
C:\WINDOWS\System32\KERNELBASE.dll:KERNELBASE.dll (00007FFE9C3C0000), size: 2940928 (result: 0), SymType: '-exported-', PDB: 'C:\WINDOWS\System32\KERNELBASE.dll', fileVersion: 10.0.19041.1949
C:\WINDOWS\System32\USER32.dll:USER32.dll (00007FFE9D6E0000), size: 1703936 (result: 0), SymType: '-exported-', PDB: 'C:\WINDOWS\System32\USER32.dll', fileVersion: 10.0.19041.1503
C:\WINDOWS\System32\win32u.dll:win32u.dll (00007FFE9C6E0000), size: 139264 (result: 0), SymType: '-exported-', PDB: 'C:\WINDOWS\System32\win32u.dll', fileVersion: 10.0.19041.2006
C:\WINDOWS\System32\GDI32.dll:GDI32.dll (00007FFE9CE20000), size: 172032 (result: 0), SymType: '-exported-', PDB: 'C:\WINDOWS\System32\GDI32.dll', fileVersion: 10.0.19041.1620
C:\WINDOWS\System32\gdi32full.dll:gdi32full.dll (00007FFE9C9B0000), size: 1093632 (result: 0), SymType: '-exported-', PDB: 'C:\WINDOWS\System32\gdi32full.dll', fileVersion: 10.0.19041.2006
C:\WINDOWS\System32\msvcp_win.dll:msvcp_win.dll (00007FFE9C2F0000), size: 643072 (result: 0), SymType: '-exported-', PDB: 'C:\WINDOWS\System32\msvcp_win.dll', fileVersion: 10.0.19041.789
C:\WINDOWS\System32\ucrtbase.dll:ucrtbase.dll (00007FFE9C1F0000), size: 1048576 (result: 0), SymType: '-exported-', PDB: 'C:\WINDOWS\System32\ucrtbase.dll', fileVersion: 10.0.19041.789
C:\WINDOWS\System32\IMM32.DLL:IMM32.DLL (00007FFE9CC50000), size: 196608 (result: 0), SymType: '-exported-', PDB: 'C:\WINDOWS\System32\IMM32.DLL', fileVersion: 10.0.19041.546
C:\Program Files\Unity\Hub\Editor\6000.0.32f1\Editor\Unity.dll:Unity.dll (00007FFE02F00000), size: 87064576 (result: 0), SymType: 'PDB', PDB: 'C:\Program Files\Unity\Hub\Editor\6000.0.32f1\Editor\Unity_x64.pdb', fileVersion: 6000.0.32.59398
C:\WINDOWS\System32\CRYPT32.dll:CRYPT32.dll (00007FFE9C7C0000), size: 1400832 (result: 0), SymType: '-exported-', PDB: 'C:\WINDOWS\System32\CRYPT32.dll', fileVersion: 10.0.19041.1889
C:\WINDOWS\System32\ADVAPI32.dll:ADVAPI32.dll (00007FFE9D930000), size: 712704 (result: 0), SymType: '-exported-', PDB: 'C:\WINDOWS\System32\ADVAPI32.dll', fileVersion: 10.0.19041.1682
C:\WINDOWS\System32\msvcrt.dll:msvcrt.dll (00007FFE9DF10000), size: 647168 (result: 0), SymType: '-exported-', PDB: 'C:\WINDOWS\System32\msvcrt.dll', fileVersion: 7.0.19041.546
C:\WINDOWS\System32\sechost.dll:sechost.dll (00007FFE9E7A0000), size: 638976 (result: 0), SymType: '-exported-', PDB: 'C:\WINDOWS\System32\sechost.dll', fileVersion: 10.0.19041.1865
C:\WINDOWS\System32\RPCRT4.dll:RPCRT4.dll (00007FFE9DDE0000), size: 1200128 (result: 0), SymType: '-exported-', PDB: 'C:\WINDOWS\System32\RPCRT4.dll', fileVersion: 10.0.19041.1806
C:\WINDOWS\System32\bcrypt.dll:bcrypt.dll (00007FFE9C390000), size: 159744 (result: 0), SymType: '-exported-', PDB: 'C:\WINDOWS\System32\bcrypt.dll', fileVersion: 10.0.19041.1023
C:\Program Files\Unity\Hub\Editor\6000.0.32f1\Editor\libfbxsdk.dll:libfbxsdk.dll (00007FFE093F0000), size: 8019968 (result: 0), SymType: '-exported-', PDB: 'C:\Program Files\Unity\Hub\Editor\6000.0.32f1\Editor\libfbxsdk.dll', fileVersion: 2020.3.7.0
C:\WINDOWS\System32\ole32.dll:ole32.dll (00007FFE9DCB0000), size: 1220608 (result: 0), SymType: '-exported-', PDB: 'C:\WINDOWS\System32\ole32.dll', fileVersion: 10.0.19041.1202
C:\Program Files\Unity\Hub\Editor\6000.0.32f1\Editor\etccompress.dll:etccompress.dll (00007FFE0A720000), size: 5070848 (result: 0), SymType: '-exported-', PDB: 'C:\Program Files\Unity\Hub\Editor\6000.0.32f1\Editor\etccompress.dll'
C:\WINDOWS\System32\combase.dll:combase.dll (00007FFE9DFB0000), size: 3489792 (result: 0), SymType: '-exported-', PDB: 'C:\WINDOWS\System32\combase.dll', fileVersion: 10.0.19041.1949
C:\WINDOWS\System32\SETUPAPI.dll:SETUPAPI.dll (00007FFE9E310000), size: 4648960 (result: 0), SymType: '-exported-', PDB: 'C:\WINDOWS\System32\SETUPAPI.dll', fileVersion: 10.0.19041.1741
C:\Program Files\Unity\Hub\Editor\6000.0.32f1\Editor\ispc_texcomp.dll:ispc_texcomp.dll (00007FFE107A0000), size: 1826816 (result: 0), SymType: '-exported-', PDB: 'C:\Program Files\Unity\Hub\Editor\6000.0.32f1\Editor\ispc_texcomp.dll'
C:\Program Files\Unity\Hub\Editor\6000.0.32f1\Editor\compress_bc7e.dll:compress_bc7e.dll (00007FFE0E840000), size: 1433600 (result: 0), SymType: '-exported-', PDB: 'C:\Program Files\Unity\Hub\Editor\6000.0.32f1\Editor\compress_bc7e.dll'
C:\WINDOWS\System32\cfgmgr32.dll:cfgmgr32.dll (00007FFE9C690000), size: 319488 (result: 0), SymType: '-exported-', PDB: 'C:\WINDOWS\System32\cfgmgr32.dll', fileVersion: 10.0.19041.1620
C:\WINDOWS\System32\SHELL32.dll:SHELL32.dll (00007FFE9CF90000), size: 7614464 (result: 0), SymType: '-exported-', PDB: 'C:\WINDOWS\System32\SHELL32.dll', fileVersion: 10.0.19041.1949
C:\Program Files\Unity\Hub\Editor\6000.0.32f1\Editor\FreeImage.dll:FreeImage.dll (0000000180000000), size: 5783552 (result: 0), SymType: '-exported-', PDB: 'C:\Program Files\Unity\Hub\Editor\6000.0.32f1\Editor\FreeImage.dll', fileVersion: 3.18.0.0
C:\Program Files\Unity\Hub\Editor\6000.0.32f1\Editor\WinPixEventRuntime.dll:WinPixEventRuntime.dll (00007FFE6AE40000), size: 53248 (result: 0), SymType: '-exported-', PDB: 'C:\Program Files\Unity\Hub\Editor\6000.0.32f1\Editor\WinPixEventRuntime.dll', fileVersion: 1.0.2201.24001
C:\WINDOWS\System32\WS2_32.dll:WS2_32.dll (00007FFE9EA20000), size: 438272 (result: 0), SymType: '-exported-', PDB: 'C:\WINDOWS\System32\WS2_32.dll', fileVersion: 10.0.19041.546
C:\Program Files\Unity\Hub\Editor\6000.0.32f1\Editor\s3tcompress.dll:s3tcompress.dll (00007FFE5B7E0000), size: 180224 (result: 0), SymType: '-exported-', PDB: 'C:\Program Files\Unity\Hub\Editor\6000.0.32f1\Editor\s3tcompress.dll'
C:\WINDOWS\System32\SHLWAPI.dll:SHLWAPI.dll (00007FFE9E8D0000), size: 348160 (result: 0), SymType: '-exported-', PDB: 'C:\WINDOWS\System32\SHLWAPI.dll', fileVersion: 10.0.19041.1706
C:\Program Files\Unity\Hub\Editor\6000.0.32f1\Editor\umbraoptimizer64.dll:umbraoptimizer64.dll (00007FFE0B250000), size: 1187840 (result: 0), SymType: '-exported-', PDB: 'C:\Program Files\Unity\Hub\Editor\6000.0.32f1\Editor\umbraoptimizer64.dll'
C:\WINDOWS\SYSTEM32\d3d11.dll:d3d11.dll (00007FFE982F0000), size: 2502656 (result: 0), SymType: '-exported-', PDB: 'C:\WINDOWS\SYSTEM32\d3d11.dll', fileVersion: 10.0.19041.1865
C:\WINDOWS\System32\OLEAUT32.dll:OLEAUT32.dll (00007FFE9CCF0000), size: 839680 (result: 0), SymType: '-exported-', PDB: 'C:\WINDOWS\System32\OLEAUT32.dll', fileVersion: 10.0.19041.985
C:\WINDOWS\SYSTEM32\d3d12.dll:d3d12.dll (00007FFE64740000), size: 131072 (result: 0), SymType: '-exported-', PDB: 'C:\WINDOWS\SYSTEM32\d3d12.dll', fileVersion: 10.0.19041.1266
C:\WINDOWS\System32\WINTRUST.dll:WINTRUST.dll (00007FFE9CAC0000), size: 430080 (result: 0), SymType: '-exported-', PDB: 'C:\WINDOWS\System32\WINTRUST.dll', fileVersion: 10.0.19041.1949
C:\WINDOWS\SYSTEM32\dxgi.dll:dxgi.dll (00007FFE9A6F0000), size: 995328 (result: 0), SymType: '-exported-', PDB: 'C:\WINDOWS\SYSTEM32\dxgi.dll', fileVersion: 10.0.19041.1806
C:\WINDOWS\SYSTEM32\dwmapi.dll:dwmapi.dll (00007FFE99C70000), size: 192512 (result: 0), SymType: '-exported-', PDB: 'C:\WINDOWS\SYSTEM32\dwmapi.dll', fileVersion: 10.0.19041.746
C:\WINDOWS\SYSTEM32\HID.DLL:HID.DLL (00007FFE9A6B0000), size: 53248 (result: 0), SymType: '-exported-', PDB: 'C:\WINDOWS\SYSTEM32\HID.DLL', fileVersion: 10.0.19041.546
C:\WINDOWS\SYSTEM32\IPHLPAPI.DLL:IPHLPAPI.DLL (00007FFE9B650000), size: 241664 (result: 0), SymType: '-exported-', PDB: 'C:\WINDOWS\SYSTEM32\IPHLPAPI.DLL', fileVersion: 10.0.19041.1865
C:\WINDOWS\SYSTEM32\MSVCP140.dll:MSVCP140.dll (00007FFE86320000), size: 577536 (result: 0), SymType: '-exported-', PDB: 'C:\WINDOWS\SYSTEM32\MSVCP140.dll', fileVersion: 14.42.34433.0
C:\WINDOWS\SYSTEM32\VCRUNTIME140.dll:VCRUNTIME140.dll (00007FFE862D0000), size: 122880 (result: 0), SymType: '-exported-', PDB: 'C:\WINDOWS\SYSTEM32\VCRUNTIME140.dll', fileVersion: 14.42.34433.0
C:\WINDOWS\SYSTEM32\VCRUNTIME140_1.dll:VCRUNTIME140_1.dll (00007FFE862A0000), size: 49152 (result: 0), SymType: '-exported-', PDB: 'C:\WINDOWS\SYSTEM32\VCRUNTIME140_1.dll', fileVersion: 14.42.34433.0
C:\WINDOWS\SYSTEM32\OPENGL32.dll:OPENGL32.dll (00007FFE0E710000), size: 1208320 (result: 0), SymType: '-exported-', PDB: 'C:\WINDOWS\SYSTEM32\OPENGL32.dll', fileVersion: 10.0.19041.1806
C:\WINDOWS\SYSTEM32\WINHTTP.dll:WINHTTP.dll (00007FFE8D550000), size: 1089536 (result: 0), SymType: '-exported-', PDB: 'C:\WINDOWS\SYSTEM32\WINHTTP.dll', fileVersion: 10.0.19041.1682
C:\WINDOWS\SYSTEM32\WINMM.dll:WINMM.dll (00007FFE93880000), size: 159744 (result: 0), SymType: '-exported-', PDB: 'C:\WINDOWS\SYSTEM32\WINMM.dll', fileVersion: 10.0.19041.546
C:\Program Files\Unity\Hub\Editor\6000.0.32f1\Editor\SketchUpAPI.dll:SketchUpAPI.dll (00007FFE01670000), size: 8990720 (result: 0), SymType: '-exported-', PDB: 'C:\Program Files\Unity\Hub\Editor\6000.0.32f1\Editor\SketchUpAPI.dll', fileVersion: 23.0.0.0
C:\WINDOWS\SYSTEM32\GLU32.dll:GLU32.dll (00007FFE25B90000), size: 180224 (result: 0), SymType: '-exported-', PDB: 'C:\WINDOWS\SYSTEM32\GLU32.dll', fileVersion: 10.0.19041.1806
C:\Program Files\Unity\Hub\Editor\6000.0.32f1\Editor\NativeProxyHelper.dll:NativeProxyHelper.dll (00007FFE0B090000), size: 1789952 (result: 0), SymType: '-exported-', PDB: 'C:\Program Files\Unity\Hub\Editor\6000.0.32f1\Editor\NativeProxyHelper.dll'
C:\WINDOWS\SYSTEM32\VERSION.dll:VERSION.dll (00007FFE8B420000), size: 40960 (result: 0), SymType: '-exported-', PDB: 'C:\WINDOWS\SYSTEM32\VERSION.dll', fileVersion: 10.0.19041.546
C:\WINDOWS\SYSTEM32\kernel.appcore.dll:kernel.appcore.dll (00007FFE9AF10000), size: 73728 (result: 0), SymType: '-exported-', PDB: 'C:\WINDOWS\SYSTEM32\kernel.appcore.dll', fileVersion: 10.0.19041.546
C:\WINDOWS\SYSTEM32\WSOCK32.dll:WSOCK32.dll (00007FFE8B460000), size: 36864 (result: 0), SymType: '-exported-', PDB: 'C:\WINDOWS\SYSTEM32\WSOCK32.dll', fileVersion: 10.0.19041.1
C:\Program Files\Unity\Hub\Editor\6000.0.32f1\Editor\SketchUpCommonPreferences.dll:SketchUpCommonPreferences.dll (00007FFE18DF0000), size: 499712 (result: 0), SymType: '-exported-', PDB: 'C:\Program Files\Unity\Hub\Editor\6000.0.32f1\Editor\SketchUpCommonPreferences.dll', fileVersion: 23.0.0.0
C:\WINDOWS\SYSTEM32\Secur32.dll:Secur32.dll (00007FFE7EE90000), size: 49152 (result: 0), SymType: '-exported-', PDB: 'C:\WINDOWS\SYSTEM32\Secur32.dll', fileVersion: 10.0.19041.546
C:\WINDOWS\SYSTEM32\SSPICLI.DLL:SSPICLI.DLL (00007FFE9C0B0000), size: 204800 (result: 0), SymType: '-exported-', PDB: 'C:\WINDOWS\SYSTEM32\SSPICLI.DLL', fileVersion: 10.0.19041.1586
C:\Program Files\Unity\Hub\Editor\6000.0.32f1\Editor\OpenRL.dll:OpenRL.dll (00000190EAE00000), size: 12779520 (result: 0), SymType: '-exported-', PDB: 'C:\Program Files\Unity\Hub\Editor\6000.0.32f1\Editor\OpenRL.dll', fileVersion: 1.5.0.2907
C:\WINDOWS\SYSTEM32\MSVCR100.dll:MSVCR100.dll (0000000066100000), size: 860160 (result: 0), SymType: '-exported-', PDB: 'C:\WINDOWS\SYSTEM32\MSVCR100.dll', fileVersion: 10.0.40219.325
C:\Program Files\Unity\Hub\Editor\6000.0.32f1\Editor\embree.dll:embree.dll (00007FFE01F10000), size: 16711680 (result: 0), SymType: '-exported-', PDB: 'C:\Program Files\Unity\Hub\Editor\6000.0.32f1\Editor\embree.dll', fileVersion: 2.14.0.0
C:\WINDOWS\SYSTEM32\MSVCP100.dll:MSVCP100.dll (00000000661E0000), size: 622592 (result: 0), SymType: '-exported-', PDB: 'C:\WINDOWS\SYSTEM32\MSVCP100.dll', fileVersion: 10.0.40219.325
C:\Program Files\Unity\Hub\Editor\6000.0.32f1\Editor\tbb.dll:tbb.dll (00007FFE25B40000), size: 303104 (result: 0), SymType: '-exported-', PDB: 'C:\Program Files\Unity\Hub\Editor\6000.0.32f1\Editor\tbb.dll', fileVersion: 2020.3.2022.1111
C:\WINDOWS\SYSTEM32\MSWSOCK.DLL:MSWSOCK.DLL (00007FFE9B9B0000), size: 434176 (result: 0), SymType: '-exported-', PDB: 'C:\WINDOWS\SYSTEM32\MSWSOCK.DLL', fileVersion: 10.0.19041.546
C:\Program Files\Unity\Hub\Editor\6000.0.32f1\Editor\OpenRL_pthread.dll:OpenRL_pthread.dll (00000190E9450000), size: 61440 (result: 0), SymType: '-exported-', PDB: 'C:\Program Files\Unity\Hub\Editor\6000.0.32f1\Editor\OpenRL_pthread.dll', fileVersion: 2.9.0.0
C:\WINDOWS\SYSTEM32\MSASN1.dll:MSASN1.dll (00007FFE9BDE0000), size: 73728 (result: 0), SymType: '-exported-', PDB: 'C:\WINDOWS\SYSTEM32\MSASN1.dll', fileVersion: 10.0.19041.546
C:\WINDOWS\System32\bcryptprimitives.dll:bcryptprimitives.dll (00007FFE9C920000), size: 532480 (result: 0), SymType: '-exported-', PDB: 'C:\WINDOWS\System32\bcryptprimitives.dll', fileVersion: 10.0.19041.1415
C:\WINDOWS\system32\uxtheme.dll:uxtheme.dll (00007FFE99B30000), size: 647168 (result: 0), SymType: '-exported-', PDB: 'C:\WINDOWS\system32\uxtheme.dll', fileVersion: 10.0.19041.1620
C:\WINDOWS\SYSTEM32\windows.storage.dll:windows.storage.dll (00007FFE99F10000), size: 7950336 (result: 0), SymType: '-exported-', PDB: 'C:\WINDOWS\SYSTEM32\windows.storage.dll', fileVersion: 10.0.19041.1949
C:\WINDOWS\SYSTEM32\Wldp.dll:Wldp.dll (00007FFE9BC50000), size: 196608 (result: 0), SymType: '-exported-', PDB: 'C:\WINDOWS\SYSTEM32\Wldp.dll', fileVersion: 10.0.19041.1949
C:\WINDOWS\System32\SHCORE.dll:SHCORE.dll (00007FFE9CB30000), size: 708608 (result: 0), SymType: '-exported-', PDB: 'C:\WINDOWS\System32\SHCORE.dll', fileVersion: 10.0.19041.1865
C:\WINDOWS\SYSTEM32\profapi.dll:profapi.dll (00007FFE9C130000), size: 126976 (result: 0), SymType: '-nosymbols-', PDB: 'C:\WINDOWS\SYSTEM32\profapi.dll', fileVersion: 10.0.19041.844
C:\WINDOWS\system32\IconCodecService.dll:IconCodecService.dll (00007FFE751B0000), size: 36864 (result: 0), SymType: '-nosymbols-', PDB: 'C:\WINDOWS\system32\IconCodecService.dll', fileVersion: 10.0.19041.1
C:\WINDOWS\SYSTEM32\WindowsCodecs.dll:WindowsCodecs.dll (00007FFE964A0000), size: 1785856 (result: 0), SymType: '-exported-', PDB: 'C:\WINDOWS\SYSTEM32\WindowsCodecs.dll', fileVersion: 10.0.19041.1706
C:\WINDOWS\System32\clbcatq.dll:clbcatq.dll (00007FFE9D880000), size: 692224 (result: 0), SymType: '-exported-', PDB: 'C:\WINDOWS\System32\clbcatq.dll', fileVersion: 2001.12.10941.16384
C:\WINDOWS\System32\netprofm.dll:netprofm.dll (00007FFE97470000), size: 253952 (result: 0), SymType: '-exported-', PDB: 'C:\WINDOWS\System32\netprofm.dll', fileVersion: 10.0.19041.906
C:\WINDOWS\System32\npmproxy.dll:npmproxy.dll (00007FFE83AF0000), size: 65536 (result: 0), SymType: '-exported-', PDB: 'C:\WINDOWS\System32\npmproxy.dll', fileVersion: 10.0.19041.906
C:\WINDOWS\System32\NSI.dll:NSI.dll (00007FFE9CBE0000), size: 32768 (result: 0), SymType: '-exported-', PDB: 'C:\WINDOWS\System32\NSI.dll', fileVersion: 10.0.19041.610
C:\WINDOWS\SYSTEM32\dhcpcsvc6.DLL:dhcpcsvc6.DLL (00007FFE96E90000), size: 94208 (result: 0), SymType: '-exported-', PDB: 'C:\WINDOWS\SYSTEM32\dhcpcsvc6.DLL', fileVersion: 10.0.19041.1949
C:\WINDOWS\SYSTEM32\dhcpcsvc.DLL:dhcpcsvc.DLL (00007FFE96850000), size: 118784 (result: 0), SymType: '-exported-', PDB: 'C:\WINDOWS\SYSTEM32\dhcpcsvc.DLL', fileVersion: 10.0.19041.1949
C:\WINDOWS\SYSTEM32\DNSAPI.dll:DNSAPI.dll (00007FFE9B740000), size: 827392 (result: 0), SymType: '-exported-', PDB: 'C:\WINDOWS\SYSTEM32\DNSAPI.dll', fileVersion: 10.0.19041.1865
C:\WINDOWS\system32\napinsp.dll:napinsp.dll (00007FFE87F70000), size: 94208 (result: 0), SymType: '-exported-', PDB: 'C:\WINDOWS\system32\napinsp.dll', fileVersion: 10.0.19041.546
C:\WINDOWS\system32\pnrpnsp.dll:pnrpnsp.dll (00007FFE874D0000), size: 110592 (result: 0), SymType: '-exported-', PDB: 'C:\WINDOWS\system32\pnrpnsp.dll', fileVersion: 10.0.19041.546
C:\WINDOWS\system32\wshbth.dll:wshbth.dll (00007FFE862B0000), size: 86016 (result: 0), SymType: '-exported-', PDB: 'C:\WINDOWS\system32\wshbth.dll', fileVersion: 10.0.19041.546
C:\WINDOWS\system32\NLAapi.dll:NLAapi.dll (00007FFE97640000), size: 118784 (result: 0), SymType: '-exported-', PDB: 'C:\WINDOWS\system32\NLAapi.dll', fileVersion: 10.0.19041.1151
C:\WINDOWS\System32\winrnr.dll:winrnr.dll (00007FFE86220000), size: 73728 (result: 0), SymType: '-exported-', PDB: 'C:\WINDOWS\System32\winrnr.dll', fileVersion: 10.0.19041.546
C:\WINDOWS\System32\fwpuclnt.dll:fwpuclnt.dll (00007FFE8DED0000), size: 524288 (result: 0), SymType: '-exported-', PDB: 'C:\WINDOWS\System32\fwpuclnt.dll', fileVersion: 10.0.19041.2006
C:\Windows\System32\rasadhlp.dll:rasadhlp.dll (00007FFE8D460000), size: 40960 (result: 0), SymType: '-exported-', PDB: 'C:\Windows\System32\rasadhlp.dll', fileVersion: 10.0.19041.546
C:\Program Files\Unity\Hub\Editor\6000.0.32f1\Editor\AMDUnityPlugin.DLL:AMDUnityPlugin.DLL (00007FFE00110000), size: 8814592 (result: 0), SymType: '-exported-', PDB: 'C:\Program Files\Unity\Hub\Editor\6000.0.32f1\Editor\AMDUnityPlugin.DLL'
C:\Program Files\Unity\Hub\Editor\6000.0.32f1\Editor\NVUnityPlugin.DLL:NVUnityPlugin.DLL (00007FFE0AE50000), size: 1609728 (result: 0), SymType: '-exported-', PDB: 'C:\Program Files\Unity\Hub\Editor\6000.0.32f1\Editor\NVUnityPlugin.DLL'
C:\Program Files\Unity\Hub\Editor\6000.0.32f1\Editor\Data\Tools\astcenc-avx2.dll:astcenc-avx2.dll (00007FFE1AA10000), size: 364544 (result: 0), SymType: '-exported-', PDB: 'C:\Program Files\Unity\Hub\Editor\6000.0.32f1\Editor\Data\Tools\astcenc-avx2.dll'
C:\WINDOWS\System32\MMDevApi.dll:MMDevApi.dll (00007FFE95920000), size: 544768 (result: 0), SymType: '-exported-', PDB: 'C:\WINDOWS\System32\MMDevApi.dll', fileVersion: 10.0.19041.1503
C:\WINDOWS\System32\DEVOBJ.dll:DEVOBJ.dll (00007FFE9BE00000), size: 180224 (result: 0), SymType: '-exported-', PDB: 'C:\WINDOWS\System32\DEVOBJ.dll', fileVersion: 10.0.19041.1620
C:\WINDOWS\System32\DriverStore\FileRepository\iigd_dch.inf_amd64_97c26de2338c52fb\igd10iumd64.dll:igd10iumd64.dll (00007FFE94AB0000), size: 3710976 (result: 0), SymType: '-exported-', PDB: 'C:\WINDOWS\System32\DriverStore\FileRepository\iigd_dch.inf_amd64_97c26de2338c52fb\igd10iumd64.dll', fileVersion: 31.0.101.3790
C:\WINDOWS\System32\DriverStore\FileRepository\iigd_dch.inf_amd64_97c26de2338c52fb\igd10um64xe.DLL:igd10um64xe.DLL (00007FFE938B0000), size: 18870272 (result: 0), SymType: '-exported-', PDB: 'C:\WINDOWS\System32\DriverStore\FileRepository\iigd_dch.inf_amd64_97c26de2338c52fb\igd10um64xe.DLL', fileVersion: 31.0.101.3790
C:\WINDOWS\SYSTEM32\ControlLib.dll:ControlLib.dll (00007FFE93840000), size: 237568 (result: 0), SymType: '-exported-', PDB: 'C:\WINDOWS\SYSTEM32\ControlLib.dll', fileVersion: 1.0.117.0
C:\WINDOWS\System32\DriverStore\FileRepository\iigd_dch.inf_amd64_97c26de2338c52fb\IntelControlLib.dll:IntelControlLib.dll (00007FFE937C0000), size: 479232 (result: 0), SymType: '-exported-', PDB: 'C:\WINDOWS\System32\DriverStore\FileRepository\iigd_dch.inf_amd64_97c26de2338c52fb\IntelControlLib.dll', fileVersion: 1.0.117.0
C:\WINDOWS\System32\DriverStore\FileRepository\iigd_dch.inf_amd64_97c26de2338c52fb\igdgmm64.dll:igdgmm64.dll (00007FFE933A0000), size: 4272128 (result: 0), SymType: '-exported-', PDB: 'C:\WINDOWS\System32\DriverStore\FileRepository\iigd_dch.inf_amd64_97c26de2338c52fb\igdgmm64.dll', fileVersion: 31.0.101.3790
C:\WINDOWS\System32\DriverStore\FileRepository\iigd_dch.inf_amd64_97c26de2338c52fb\igc64.dll:igc64.dll (00007FFE8EE50000), size: 72654848 (result: 0), SymType: '-exported-', PDB: 'C:\WINDOWS\System32\DriverStore\FileRepository\iigd_dch.inf_amd64_97c26de2338c52fb\igc64.dll', fileVersion: 31.0.101.3790
C:\WINDOWS\SYSTEM32\dxcore.dll:dxcore.dll (00007FFE95ED0000), size: 241664 (result: 0), SymType: '-exported-', PDB: 'C:\WINDOWS\SYSTEM32\dxcore.dll', fileVersion: 10.0.19041.546
C:\WINDOWS\system32\wbem\wbemprox.dll:wbemprox.dll (00007FFE6DD10000), size: 69632 (result: 0), SymType: '-exported-', PDB: 'C:\WINDOWS\system32\wbem\wbemprox.dll', fileVersion: 10.0.19041.1320
C:\WINDOWS\SYSTEM32\wbemcomn.dll:wbemcomn.dll (00007FFE8B380000), size: 589824 (result: 0), SymType: '-exported-', PDB: 'C:\WINDOWS\SYSTEM32\wbemcomn.dll', fileVersion: 10.0.19041.1566
C:\WINDOWS\system32\wbem\wbemsvc.dll:wbemsvc.dll (00007FFE810C0000), size: 81920 (result: 0), SymType: '-exported-', PDB: 'C:\WINDOWS\system32\wbem\wbemsvc.dll', fileVersion: 10.0.19041.1320
C:\WINDOWS\system32\wbem\fastprox.dll:fastprox.dll (00007FFE81450000), size: 1093632 (result: 0), SymType: '-exported-', PDB: 'C:\WINDOWS\system32\wbem\fastprox.dll', fileVersion: 10.0.19041.546
C:\WINDOWS\SYSTEM32\amsi.dll:amsi.dll (00007FFE805D0000), size: 131072 (result: 0), SymType: '-exported-', PDB: 'C:\WINDOWS\SYSTEM32\amsi.dll', fileVersion: 10.0.19041.1620
C:\WINDOWS\SYSTEM32\USERENV.dll:USERENV.dll (00007FFE9C0F0000), size: 188416 (result: 0), SymType: '-exported-', PDB: 'C:\WINDOWS\SYSTEM32\USERENV.dll', fileVersion: 10.0.19041.572
C:\ProgramData\Microsoft\Windows Defender\Platform\4.18.24090.11-0\MpOav.dll:MpOav.dll (00007FFE81210000), size: 536576 (result: 0), SymType: '-exported-', PDB: 'C:\ProgramData\Microsoft\Windows Defender\Platform\4.18.24090.11-0\MpOav.dll', fileVersion: 4.18.24090.11
C:\WINDOWS\SYSTEM32\opencl.dll:opencl.dll (00007FFE0E690000), size: 512000 (result: 0), SymType: '-exported-', PDB: 'C:\WINDOWS\SYSTEM32\opencl.dll', fileVersion: 2.2.8.0
C:\Program Files\Unity\Hub\Editor\6000.0.32f1\Editor\radeonrays.dll:radeonrays.dll (00007FFE1A960000), size: 344064 (result: 0), SymType: '-exported-', PDB: 'C:\Program Files\Unity\Hub\Editor\6000.0.32f1\Editor\radeonrays.dll'
C:\Program Files\Unity\Hub\Editor\6000.0.32f1\Editor\Data\MonoBleedingEdge\EmbedRuntime\mono-2.0-bdwgc.dll:mono-2.0-bdwgc.dll (00007FFDFF300000), size: 10756096 (result: 0), SymType: 'PDB', PDB: 'C:\Program Files\Unity\Hub\Editor\6000.0.32f1\Editor\mono-2.0-bdwgc.pdb'
C:\WINDOWS\SYSTEM32\dbghelp.dll:dbghelp.dll (00007FFE9AAA0000), size: 1982464 (result: 0), SymType: '-exported-', PDB: 'C:\WINDOWS\SYSTEM32\dbghelp.dll', fileVersion: 10.0.19041.867
  ERROR: SymGetSymFromAddr64, GetLastError: 'Attempt to access invalid address.' (Address: 00007FFE938F9800)
0x00007FFE938F9800 (igd10um64xe) (function-name not available)
  ERROR: SymGetSymFromAddr64, GetLastError: 'Attempt to access invalid address.' (Address: 00007FFE938F996D)
0x00007FFE938F996D (igd10um64xe) (function-name not available)
  ERROR: SymGetSymFromAddr64, GetLastError: 'Attempt to access invalid address.' (Address: 00007FFE938F9A44)
0x00007FFE938F9A44 (igd10um64xe) (function-name not available)
  ERROR: SymGetSymFromAddr64, GetLastError: 'Attempt to access invalid address.' (Address: 00007FFE93950EC4)
0x00007FFE93950EC4 (igd10um64xe) (function-name not available)
0x00007FFE98320B30 (d3d11) D3D11CoreCreateLayeredDevice
0x00007FFE9831649F (d3d11) D3D11CoreCreateLayeredDevice
0x00007FFE983162C4 (d3d11) D3D11CoreCreateLayeredDevice
0x00007FFE9832DAE9 (d3d11) D3D11CoreCreateLayeredDevice
0x00007FFE9831ED3D (d3d11) D3D11CoreCreateLayeredDevice
0x00007FFE9831F4EC (d3d11) D3D11CoreCreateLayeredDevice
0x00007FFE98336794 (d3d11) D3D11CoreCreateLayeredDevice
0x00007FFE98336703 (d3d11) D3D11CoreCreateLayeredDevice
0x00007FFE98336488 (d3d11) D3D11CoreCreateLayeredDevice
0x00007FFE03FCC5A9 (Unity) D3D11PixelShader::D3D11PixelShader
0x00007FFE03D3A173 (Unity) CreateGpuProgram
0x00007FFE04084D57 (Unity) GfxDeviceClient::CreateGpuProgram
0x00007FFE03C23F21 (Unity) ShaderLab::SubProgram::Compile
0x00007FFE04A6FCE9 (Unity) FinalizeVariant
0x00007FFE04A78014 (Unity) GetSubProgramForShaderSnippet
0x00007FFE03C24679 (Unity) ShaderLab::Program::CompileShaderSubProgram
0x00007FFE03C261A9 (Unity) ShaderLab::Program::GetMatchingSubProgram
0x00007FFE03C2D8B0 (Unity) ShaderLab::ShaderState::FindSubProgramsToUse
0x00007FFE03C1FA7E (Unity) ShaderLab::Pass::PrepareVariant
0x00007FFE03BE31EB (Unity) ShaderVariantCollection::WarmupOneShaderImpl
0x00007FFE03BE3BD9 (Unity) ShaderVariantCollection::WarmupShadersImpl
0x00007FFE03BD8078 (Unity) ShaderVariantCollection::CompileShaders
0x00007FFE04A867D7 (Unity) WarmupEditorShaders
0x00007FFE057C7FFE (Unity) Shader::ReloadAllShaders
0x00007FFE05371554 (Unity) <lambda_f96845ab1106210ce31769f863340c0d>::operator()
0x00007FFE0545414E (Unity) asio::detail::completion_handler<core::mutable_function<void __cdecl(void)>,asio::io_context::basic_executor_type<std::allocator<void>,0> >::do_complete
0x00007FFE054419DA (Unity) asio::detail::win_iocp_io_context::do_one
0x00007FFE05442D0E (Unity) asio::detail::win_iocp_io_context::run
0x00007FFE0545276C (Unity) IOService::Run
0x00007FFE0539A906 (Unity) RunAssetImportWorkerClientV2
0x00007FFE0539A9CB (Unity) RunAssetImporterV2
0x00007FFE04BA6088 (Unity) Application::InitializeProject
0x00007FFE051ABD05 (Unity) UnityMain
0x00007FF74EA32FBA (Unity) __scrt_common_main_seh
0x00007FFE9CEE7034 (KERNEL32) BaseThreadInitThunk
0x00007FFE9EB226A1 (ntdll) RtlUserThreadStart

========== END OF STACKTRACE ===========

A crash has been intercepted by the crash handler. For call stack and other details, see the latest crash report generated in:
 * C:/Users/1/AppData/Local/Temp/Unity/Editor/Crashes
